<?xml version="1.0" encoding="UTF-8"?>
<!-- Generated by org.testng.reporters.JUnitXMLReporter -->
<testsuite ignored="0" hostname="DESKTOP-JT8TGK7" failures="0" tests="16" name="Sample Test cases" time="0.588" errors="0" timestamp="2022-11-17T23:19:52 GMT-08:00">
  <testcase classname="com.sgtesting.calculator.testcases.AdditionTestcases" name="addPositiveAndNegativeNumbers" time="0.031"/>
  <testcase classname="com.sgtesting.calculator.testcases.AdditionTestcases" name="addPositiveAndZeroNumbers" time="0.047"/>
  <testcase classname="com.sgtesting.calculator.testcases.AdditionTestcases" name="addTwoNegativeNumbers" time="0.007"/>
  <testcase classname="com.sgtesting.calculator.testcases.AdditionTestcases" name="addTwoPositiveNumbers" time="0.004"/>
  <testcase classname="com.sgtesting.calculator.testcases.SubstractionTestcases" name="substractPositiveAndNegativeNumbers" time="0.004"/>
  <testcase classname="com.sgtesting.calculator.testcases.SubstractionTestcases" name="substractPositiveAndZeroNumbers" time="0.015"/>
  <testcase classname="com.sgtesting.calculator.testcases.SubstractionTestcases" name="substractTwoNegativeNumbers" time="0.011"/>
  <testcase classname="com.sgtesting.calculator.testcases.SubstractionTestcases" name="substractTwoPositiveNumbers" time="0.004"/>
  <testcase classname="com.sgtesting.calculator.testcases.MultiplicationTestcases" name="multiplyPositiveAndNegativeNumbers" time="0.007"/>
  <testcase classname="com.sgtesting.calculator.testcases.MultiplicationTestcases" name="multiplyPositiveAndZeroNumbers" time="0.004"/>
  <testcase classname="com.sgtesting.calculator.testcases.MultiplicationTestcases" name="multiplyTwoNegativeNumbers" time="0.008"/>
  <testcase classname="com.sgtesting.calculator.testcases.MultiplicationTestcases" name="multiplyTwoPositiveNumbers" time="0.005"/>
  <testcase classname="com.sgtesting.calculator.testcases.DivisionTestcases" name="dividePositiveAndNegativeNumbers" time="0.003"/>
  <testcase classname="com.sgtesting.calculator.testcases.DivisionTestcases" name="dividePositiveAndOneNumbers" time="0.009"/>
  <testcase classname="com.sgtesting.calculator.testcases.DivisionTestcases" name="divideTwoNegativeNumbers" time="0.004"/>
  <testcase classname="com.sgtesting.calculator.testcases.DivisionTestcases" name="divideTwoPositiveNumbers" time="0.004"/>
</testsuite> <!-- Sample Test cases -->
