<?xml version="1.0" encoding="UTF-8"?>
<!-- Generated by org.testng.reporters.JUnitXMLReporter -->
<testsuite ignored="0" hostname="DESKTOP-JT8TGK7" failures="0" tests="3" name="Default test" time="0.239" errors="0" timestamp="2022-11-08T23:16:28 GMT-08:00">
  <testcase classname="com.sgtesting.users.Users" name="createUser" time="0.019"/>
  <testcase classname="com.sgtesting.users.Users" name="deleteUser" time="0.016"/>
  <testcase classname="com.sgtesting.users.Users" name="modifyUser" time="0.017"/>
</testsuite> <!-- Default test -->
