<?xml version="1.0" encoding="UTF-8"?>
<testng-results ignored="0" total="6" passed="6" failed="0" skipped="0">
  <reporter-output>
  </reporter-output>
  <suite started-at="2022-11-08T23:59:31 GMT-08:00" name="Users and Products" finished-at="2022-11-08T23:59:32 GMT-08:00" duration-ms="496">
    <groups>
    </groups>
    <test started-at="2022-11-08T23:59:31 GMT-08:00" name="Test cases" finished-at="2022-11-08T23:59:32 GMT-08:00" duration-ms="496">
      <class name="com.sgtesting.products.Products">
        <test-method is-config="true" signature="setUp()[pri:0, instance:com.sgtesting.products.Products@2bfc268b]" started-at="2022-11-08T23:59:32 GMT-08:00" name="setUp" finished-at="2022-11-08T23:59:32 GMT-08:00" duration-ms="1" status="PASS">
          <reporter-output>
          </reporter-output>
        </test-method> <!-- setUp -->
        <test-method signature="createProduct()[pri:0, instance:com.sgtesting.products.Products@2bfc268b]" started-at="2022-11-08T23:59:32 GMT-08:00" name="createProduct" finished-at="2022-11-08T23:59:32 GMT-08:00" duration-ms="57" status="PASS">
          <reporter-output>
          </reporter-output>
        </test-method> <!-- createProduct -->
        <test-method signature="deleteProduct()[pri:0, instance:com.sgtesting.products.Products@2bfc268b]" started-at="2022-11-08T23:59:32 GMT-08:00" name="deleteProduct" finished-at="2022-11-08T23:59:32 GMT-08:00" duration-ms="21" status="PASS">
          <reporter-output>
          </reporter-output>
        </test-method> <!-- deleteProduct -->
        <test-method signature="modifyProduct()[pri:0, instance:com.sgtesting.products.Products@2bfc268b]" started-at="2022-11-08T23:59:32 GMT-08:00" name="modifyProduct" finished-at="2022-11-08T23:59:32 GMT-08:00" duration-ms="17" status="PASS">
          <reporter-output>
          </reporter-output>
        </test-method> <!-- modifyProduct -->
        <test-method is-config="true" signature="tearDown()[pri:0, instance:com.sgtesting.products.Products@2bfc268b]" started-at="2022-11-08T23:59:32 GMT-08:00" name="tearDown" finished-at="2022-11-08T23:59:32 GMT-08:00" duration-ms="32" status="PASS">
          <reporter-output>
          </reporter-output>
        </test-method> <!-- tearDown -->
      </class> <!-- com.sgtesting.products.Products -->
      <class name="com.sgtesting.users.Users">
        <test-method is-config="true" signature="setUp()[pri:0, instance:com.sgtesting.users.Users@c333c60]" started-at="2022-11-08T23:59:31 GMT-08:00" name="setUp" finished-at="2022-11-08T23:59:31 GMT-08:00" duration-ms="41" status="PASS">
          <reporter-output>
          </reporter-output>
        </test-method> <!-- setUp -->
        <test-method signature="createUser()[pri:0, instance:com.sgtesting.users.Users@c333c60]" started-at="2022-11-08T23:59:31 GMT-08:00" name="createUser" finished-at="2022-11-08T23:59:32 GMT-08:00" duration-ms="37" status="PASS">
          <reporter-output>
          </reporter-output>
        </test-method> <!-- createUser -->
        <test-method signature="deleteUser()[pri:0, instance:com.sgtesting.users.Users@c333c60]" started-at="2022-11-08T23:59:32 GMT-08:00" name="deleteUser" finished-at="2022-11-08T23:59:32 GMT-08:00" duration-ms="20" status="PASS">
          <reporter-output>
          </reporter-output>
        </test-method> <!-- deleteUser -->
        <test-method signature="modifyUser()[pri:0, instance:com.sgtesting.users.Users@c333c60]" started-at="2022-11-08T23:59:32 GMT-08:00" name="modifyUser" finished-at="2022-11-08T23:59:32 GMT-08:00" duration-ms="13" status="PASS">
          <reporter-output>
          </reporter-output>
        </test-method> <!-- modifyUser -->
        <test-method is-config="true" signature="tearDown()[pri:0, instance:com.sgtesting.users.Users@c333c60]" started-at="2022-11-08T23:59:32 GMT-08:00" name="tearDown" finished-at="2022-11-08T23:59:32 GMT-08:00" duration-ms="1" status="PASS">
          <reporter-output>
          </reporter-output>
        </test-method> <!-- tearDown -->
      </class> <!-- com.sgtesting.users.Users -->
    </test> <!-- Test cases -->
  </suite> <!-- Users and Products -->
</testng-results>
