<?xml version="1.0" encoding="UTF-8"?>
<testng-results ignored="0" total="3" passed="3" failed="0" skipped="0">
  <reporter-output>
  </reporter-output>
  <suite started-at="2022-11-08T23:16:28 GMT-08:00" name="Default suite" finished-at="2022-11-08T23:16:28 GMT-08:00" duration-ms="239">
    <groups>
    </groups>
    <test started-at="2022-11-08T23:16:28 GMT-08:00" name="Default test" finished-at="2022-11-08T23:16:28 GMT-08:00" duration-ms="239">
      <class name="com.sgtesting.users.Users">
        <test-method is-config="true" signature="setUp()[pri:0, instance:com.sgtesting.users.Users@41e1e210]" started-at="2022-11-08T23:16:28 GMT-08:00" name="setUp" finished-at="2022-11-08T23:16:28 GMT-08:00" duration-ms="16" status="PASS">
          <reporter-output>
          </reporter-output>
        </test-method> <!-- setUp -->
        <test-method signature="createUser()[pri:0, instance:com.sgtesting.users.Users@41e1e210]" started-at="2022-11-08T23:16:28 GMT-08:00" name="createUser" finished-at="2022-11-08T23:16:28 GMT-08:00" duration-ms="19" status="PASS">
          <reporter-output>
          </reporter-output>
        </test-method> <!-- createUser -->
        <test-method signature="deleteUser()[pri:0, instance:com.sgtesting.users.Users@41e1e210]" started-at="2022-11-08T23:16:28 GMT-08:00" name="deleteUser" finished-at="2022-11-08T23:16:28 GMT-08:00" duration-ms="16" status="PASS">
          <reporter-output>
          </reporter-output>
        </test-method> <!-- deleteUser -->
        <test-method signature="modifyUser()[pri:0, instance:com.sgtesting.users.Users@41e1e210]" started-at="2022-11-08T23:16:28 GMT-08:00" name="modifyUser" finished-at="2022-11-08T23:16:28 GMT-08:00" duration-ms="17" status="PASS">
          <reporter-output>
          </reporter-output>
        </test-method> <!-- modifyUser -->
        <test-method is-config="true" signature="tearDown()[pri:0, instance:com.sgtesting.users.Users@41e1e210]" started-at="2022-11-08T23:16:28 GMT-08:00" name="tearDown" finished-at="2022-11-08T23:16:28 GMT-08:00" duration-ms="2" status="PASS">
          <reporter-output>
          </reporter-output>
        </test-method> <!-- tearDown -->
      </class> <!-- com.sgtesting.users.Users -->
    </test> <!-- Default test -->
  </suite> <!-- Default suite -->
</testng-results>
