<?xml version="1.0" encoding="UTF-8"?>
<!-- Generated by org.testng.reporters.JUnitXMLReporter -->
<testsuite ignored="0" hostname="DESKTOP-JT8TGK7" failures="0" tests="6" name="Test cases" time="0.496" errors="0" timestamp="2022-11-08T23:59:32 GMT-08:00">
  <testcase classname="com.sgtesting.users.Users" name="createUser" time="0.037"/>
  <testcase classname="com.sgtesting.users.Users" name="deleteUser" time="0.02"/>
  <testcase classname="com.sgtesting.users.Users" name="modifyUser" time="0.013"/>
  <testcase classname="com.sgtesting.products.Products" name="createProduct" time="0.057"/>
  <testcase classname="com.sgtesting.products.Products" name="deleteProduct" time="0.021"/>
  <testcase classname="com.sgtesting.products.Products" name="modifyProduct" time="0.017"/>
</testsuite> <!-- Test cases -->
